2025-07-23 08:59:21,264 - __main__ - INFO - RUNNING DROPBOX-ONLY MODE
2025-07-23 08:59:21,565 - dropbox_handler - INFO - Successfully refreshed Dropbox access token
2025-07-23 08:59:21,566 - dropbox - INFO - Request to users/get_current_account
2025-07-23 08:59:22,233 - dropbox - INFO - Request to users/get_current_account
2025-07-23 08:59:22,878 - dropbox_handler - INFO - Connected to Dropbox account: [EMAIL_REDACTED]
2025-07-23 08:59:22,879 - dropbox - INFO - Request to users/get_current_account
2025-07-23 08:59:23,484 - dropbox_handler - INFO - Checking Dropbox folder: [FOLDER_PATH_REDACTED]
2025-07-23 08:59:23,484 - dropbox - INFO - Request to files/list_folder
2025-07-23 08:59:23,857 - dropbox_handler - INFO - Found [COUNT_REDACTED] stock files, most recent: [FILENAME_REDACTED]
2025-07-23 08:59:23,857 - dropbox_handler - INFO - Processing most recent stock file: [FILENAME_REDACTED]
2025-07-23 08:59:23,858 - dropbox_handler - INFO - Downloading file: [FILENAME_REDACTED]
2025-07-23 08:59:23,858 - dropbox - INFO - Request to files/download
2025-07-23 08:59:24,590 - dropbox_handler - INFO - Downloaded file to: /tmp/[FILENAME_REDACTED]
2025-07-23 08:59:24,590 - dropbox_handler - INFO - Downloaded [COUNT_REDACTED] stock file(s)
2025-07-23 08:59:24,592 - __main__ - INFO - Found 1 files from Dropbox
2025-07-23 08:59:24,593 - inventory_updater - INFO - Retrieving products from Holded...
2025-07-23 08:59:24,876 - holded_api - INFO - Holded API connection successful
2025-07-23 08:59:24,877 - holded_api - INFO - Fetching products page 1
2025-07-23 08:59:25,684 - holded_api - INFO - Fetching products page 2
2025-07-23 08:59:25,847 - holded_api - INFO - Retrieved [COUNT_REDACTED] products from Holded
2025-07-23 08:59:25,851 - inventory_updater - INFO - Created SKU lookup with [COUNT_REDACTED] total SKUs:
2025-07-23 08:59:25,851 - inventory_updater - INFO -   - Main product SKUs: [COUNT_REDACTED]
2025-07-23 08:59:25,851 - inventory_updater - INFO -   - Variant SKUs: [COUNT_REDACTED]
2025-07-23 08:59:25,852 - inventory_updater - INFO -   - Skipped products without valid SKU: [COUNT_REDACTED]
2025-07-23 08:59:25,852 - inventory_updater - INFO - Sample Holded SKUs: [SAMPLE_SKUS_REDACTED]
2025-07-23 08:59:25,852 - inventory_updater - INFO -   - [SKU_REDACTED]: MAIN product "[PRODUCT_NAME_REDACTED]"
2025-07-23 08:59:25,852 - inventory_updater - INFO -   - [SKU_REDACTED]: MAIN product "[PRODUCT_NAME_REDACTED]"
2025-07-23 08:59:25,853 - inventory_updater - INFO -   - [SKU_REDACTED]: MAIN product "[PRODUCT_NAME_REDACTED]"
2025-07-23 08:59:25,853 - inventory_updater - INFO - Loaded [COUNT_REDACTED] products from Holded
2025-07-23 08:59:25,853 - inventory_updater - INFO - Processing file: [FILE_PATH_REDACTED]
2025-07-23 08:59:25,968 - file_processor - INFO - Successfully read Excel file
2025-07-23 08:59:25,968 - file_processor - INFO - Column mappings - [COLUMN_MAPPING_REDACTED]: item, Price: evp, Offer: None, Stock: stock qty
2025-07-23 08:59:25,969 - file_processor - INFO - [PRODUCT_COUNT_REDACTED] products from file
2025-07-23 08:59:25,969 - file_processor - INFO - [PRODUCT_COUNT_REDACTED] products from file: [FILENAME_REDACTED]
2025-07-23 08:59:25,970 - file_processor - INFO - [PRODUCT_COUNT_REDACTED] products out of 4
2025-07-23 08:59:25,970 - inventory_updater - INFO - [PRODUCT_COUNT_REDACTED] products in file
2025-07-23 08:59:25,970 - inventory_updater - INFO - Updating stock for VARIANT [VARIANT_ID_REDACTED] ([PRODUCT_DETAILS_REDACTED]): [STOCK_FROM_REDACTED] -> [STOCK_TO_REDACTED]
2025-07-23 08:59:25,971 - holded_api - INFO - Updating VARIANT stock [VARIANT_ID_REDACTED]: [STOCK_FROM_REDACTED] -> [STOCK_TO_REDACTED] (difference: [STOCK_DIFF_REDACTED])
2025-07-23 08:59:26,592 - holded_api - INFO - Successfully updated stock for variant [VARIANT_ID_REDACTED]
2025-07-23 08:59:26,592 - inventory_updater - INFO - Updating stock for VARIANT [VARIANT_ID_REDACTED] ([PRODUCT_DETAILS_REDACTED]): [STOCK_FROM_REDACTED] -> [STOCK_TO_REDACTED]
2025-07-23 08:59:26,593 - holded_api - INFO - Updating VARIANT stock [VARIANT_ID_REDACTED]: [STOCK_FROM_REDACTED] -> [STOCK_TO_REDACTED] (difference: [STOCK_DIFF_REDACTED])
2025-07-23 08:59:27,055 - holded_api - INFO - Successfully updated stock for variant [VARIANT_ID_REDACTED]
2025-07-23 08:59:27,056 - inventory_updater - INFO - Updating stock for VARIANT [VARIANT_ID_REDACTED] ([PRODUCT_DETAILS_REDACTED]): [STOCK_FROM_REDACTED] -> [STOCK_TO_REDACTED]
2025-07-23 08:59:27,056 - holded_api - INFO - Updating VARIANT stock [VARIANT_ID_REDACTED]: [STOCK_FROM_REDACTED] -> [STOCK_TO_REDACTED] (difference: [STOCK_DIFF_REDACTED])
2025-07-23 08:59:27,442 - holded_api - INFO - Successfully updated stock for variant [VARIANT_ID_REDACTED]
2025-07-23 08:59:27,445 - email_notifier - INFO - Conectando al servidor SMTP: [SMTP_SERVER_REDACTED]
2025-07-23 08:59:28,994 - email_notifier - INFO - Email enviado exitosamente
2025-07-23 08:59:29,136 - email_notifier - INFO - Email de confirmaci贸n de actualizaci贸n enviado exitosamente
2025-07-23 08:59:29,137 - __main__ - INFO - Cleaned up temporary file: /tmp/[FILENAME_REDACTED]
2025-07-23 10:30:23,866 - __main__ - INFO - RUNNING DROPBOX-ONLY MODE
2025-07-23 10:30:24,062 - dropbox_handler - INFO - Successfully refreshed Dropbox access token
2025-07-23 10:30:24,063 - dropbox - INFO - Request to users/get_current_account
2025-07-23 10:30:24,695 - dropbox - INFO - Request to users/get_current_account
2025-07-23 10:30:25,261 - dropbox_handler - INFO - Connected to Dropbox account: [EMAIL_REDACTED]
2025-07-23 10:30:25,262 - dropbox - INFO - Request to users/get_current_account
2025-07-23 10:30:25,882 - dropbox_handler - INFO - Checking Dropbox folder: [FOLDER_PATH_REDACTED]
2025-07-23 10:30:25,882 - dropbox - INFO - Request to files/list_folder
2025-07-23 10:30:26,296 - dropbox_handler - INFO - Found [COUNT_REDACTED] stock files, most recent: [FILENAME_REDACTED]
2025-07-23 10:30:26,297 - dropbox_handler - INFO - Processing most recent stock file: [FILENAME_REDACTED]
2025-07-23 10:30:26,297 - dropbox_handler - INFO - Downloading file: [FILENAME_REDACTED]
2025-07-23 10:30:26,297 - dropbox - INFO - Request to files/download
2025-07-23 10:30:27,074 - dropbox_handler - INFO - Downloaded file to: /tmp/[FILENAME_REDACTED]
2025-07-23 10:30:27,075 - dropbox_handler - INFO - Downloaded [COUNT_REDACTED] stock file(s)
2025-07-23 10:30:27,077 - __main__ - INFO - Found 1 files from Dropbox
2025-07-23 10:30:27,077 - inventory_updater - INFO - Retrieving products from Holded...
2025-07-23 10:30:27,379 - holded_api - INFO - Holded API connection successful
2025-07-23 10:30:27,380 - holded_api - INFO - Fetching products page 1
2025-07-23 10:30:28,315 - holded_api - INFO - Fetching products page 2
2025-07-23 10:30:28,460 - holded_api - INFO - Retrieved [COUNT_REDACTED] products from Holded
2025-07-23 10:30:28,464 - inventory_updater - INFO - Created SKU lookup with [COUNT_REDACTED] total SKUs:
2025-07-23 10:30:28,464 - inventory_updater - INFO -   - Main product SKUs: [COUNT_REDACTED]
2025-07-23 10:30:28,465 - inventory_updater - INFO -   - Variant SKUs: [COUNT_REDACTED]
2025-07-23 10:30:28,465 - inventory_updater - INFO -   - Skipped products without valid SKU: [COUNT_REDACTED]
2025-07-23 10:30:28,465 - inventory_updater - INFO - Sample Holded SKUs: [SAMPLE_SKUS_REDACTED]
2025-07-23 10:30:28,465 - inventory_updater - INFO -   - [SKU_REDACTED]: MAIN product "[PRODUCT_NAME_REDACTED]"
2025-07-23 10:30:28,466 - inventory_updater - INFO -   - [SKU_REDACTED]: MAIN product "[PRODUCT_NAME_REDACTED]"
2025-07-23 10:30:28,466 - inventory_updater - INFO -   - [SKU_REDACTED]: MAIN product "[PRODUCT_NAME_REDACTED]"
2025-07-23 10:30:28,466 - inventory_updater - INFO - Loaded [COUNT_REDACTED] products from Holded
2025-07-23 10:30:28,467 - inventory_updater - INFO - Processing file: [FILE_PATH_REDACTED]
2025-07-23 10:30:28,659 - file_processor - INFO - Successfully read Excel file
2025-07-23 10:30:28,660 - file_processor - INFO - Column mappings - [COLUMN_MAPPING_REDACTED]: item, Price: evp, Offer: None, Stock: stock qty
2025-07-23 10:30:28,686 - file_processor - INFO - [PRODUCT_COUNT_REDACTED] products from file
2025-07-23 10:30:28,687 - file_processor - INFO - [PRODUCT_COUNT_REDACTED] products from file: [FILENAME_REDACTED]
2025-07-23 10:30:28,687 - file_processor - INFO - [PRODUCT_COUNT_REDACTED] products out of 417
2025-07-23 10:30:28,688 - inventory_updater - INFO - [PRODUCT_COUNT_REDACTED] products in file
2025-07-23 10:30:28,688 - inventory_updater - WARNING - SKU not found in Holded: 2895894
2025-07-23 10:30:28,688 - inventory_updater - WARNING - SKU not found in Holded: 2895902
2025-07-23 10:30:28,688 - inventory_updater - WARNING - SKU not found in Holded: 2892974
2025-07-23 10:30:28,689 - inventory_updater - WARNING - SKU not found in Holded: 2894848
2025-07-23 10:30:28,689 - inventory_updater - WARNING - SKU not found in Holded: 2894855
2025-07-23 10:30:28,689 - inventory_updater - WARNING - SKU not found in Holded: 2894863
2025-07-23 10:30:28,689 - inventory_updater - WARNING - SKU not found in Holded: 2894871
2025-07-23 10:30:28,690 - inventory_updater - WARNING - SKU not found in Holded: 2894921
2025-07-23 10:30:28,690 - inventory_updater - WARNING - SKU not found in Holded: 2894939
2025-07-23 10:30:28,690 - inventory_updater - WARNING - SKU not found in Holded: 2894947
2025-07-23 10:30:28,690 - inventory_updater - WARNING - SKU not found in Holded: 2894954
2025-07-23 10:30:28,691 - inventory_updater - WARNING - SKU not found in Holded: 2894962
2025-07-23 10:30:28,691 - inventory_updater - WARNING - SKU not found in Holded: 2895027
2025-07-23 10:30:28,691 - inventory_updater - WARNING - SKU not found in Holded: 2895134
2025-07-23 10:30:28,691 - inventory_updater - WARNING - SKU not found in Holded: 2893915
2025-07-23 10:30:28,692 - inventory_updater - WARNING - SKU not found in Holded: 2896173
2025-07-23 10:30:28,692 - inventory_updater - WARNING - SKU not found in Holded: 2896306
2025-07-23 10:30:28,692 - inventory_updater - WARNING - SKU not found in Holded: 2896314
2025-07-23 10:30:28,693 - inventory_updater - WARNING - SKU not found in Holded: 2896322
2025-07-23 10:30:28,693 - inventory_updater - WARNING - SKU not found in Holded: 2896330
2025-07-23 10:30:28,693 - inventory_updater - WARNING - SKU not found in Holded: 2898013
2025-07-23 10:30:28,693 - inventory_updater - WARNING - SKU not found in Holded: 2898021
2025-07-23 10:30:28,694 - inventory_updater - WARNING - SKU not found in Holded: 2898039
2025-07-23 10:30:28,694 - inventory_updater - WARNING - SKU not found in Holded: 2898047
2025-07-23 10:30:28,694 - inventory_updater - WARNING - SKU not found in Holded: 2898054
2025-07-23 10:30:28,694 - inventory_updater - WARNING - SKU not found in Holded: 2898062
2025-07-23 10:30:28,695 - inventory_updater - WARNING - SKU not found in Holded: 2898070
2025-07-23 10:30:28,695 - inventory_updater - WARNING - SKU not found in Holded: 2898088
2025-07-23 10:30:28,695 - inventory_updater - WARNING - SKU not found in Holded: 2897015
2025-07-23 10:30:28,695 - inventory_updater - WARNING - SKU not found in Holded: 2896256
2025-07-23 10:30:28,696 - inventory_updater - WARNING - SKU not found in Holded: 2896413
2025-07-23 10:30:28,696 - inventory_updater - WARNING - SKU not found in Holded: 2898138
2025-07-23 10:30:28,696 - inventory_updater - WARNING - SKU not found in Holded: 2896611
2025-07-23 10:30:28,696 - inventory_updater - WARNING - SKU not found in Holded: 2896850
2025-07-23 10:30:28,697 - inventory_updater - WARNING - SKU not found in Holded: 2896652
2025-07-23 10:30:28,697 - inventory_updater - WARNING - SKU not found in Holded: 2896892
2025-07-23 10:30:28,697 - inventory_updater - WARNING - SKU not found in Holded: 2895977
2025-07-23 10:30:28,697 - inventory_updater - WARNING - SKU not found in Holded: 2891919
2025-07-23 10:30:28,698 - inventory_updater - WARNING - SKU not found in Holded: 2890895
2025-07-23 10:30:28,698 - inventory_updater - WARNING - SKU not found in Holded: 2891356
2025-07-23 10:30:28,698 - inventory_updater - WARNING - SKU not found in Holded: 2890978
2025-07-23 10:30:28,699 - inventory_updater - WARNING - SKU not found in Holded: 2891000
2025-07-23 10:30:28,699 - inventory_updater - WARNING - SKU not found in Holded: 2891414
2025-07-23 10:30:28,699 - inventory_updater - WARNING - SKU not found in Holded: 2891422
2025-07-23 10:30:28,699 - inventory_updater - WARNING - SKU not found in Holded: 2891430
2025-07-23 10:30:28,700 - inventory_updater - WARNING - SKU not found in Holded: 2891448
2025-07-23 10:30:28,700 - inventory_updater - WARNING - SKU not found in Holded: 2891471
2025-07-23 10:30:28,700 - inventory_updater - WARNING - SKU not found in Holded: 2891042
2025-07-23 10:30:28,700 - inventory_updater - WARNING - SKU not found in Holded: 2891067
2025-07-23 10:30:28,701 - inventory_updater - WARNING - SKU not found in Holded: 2891075
2025-07-23 10:30:28,701 - inventory_updater - WARNING - SKU not found in Holded: 2891513
2025-07-23 10:30:28,701 - inventory_updater - WARNING - SKU not found in Holded: 2891539
2025-07-23 10:30:28,701 - inventory_updater - WARNING - SKU not found in Holded: 2891570
2025-07-23 10:30:28,701 - inventory_updater - WARNING - SKU not found in Holded: 2891588
2025-07-23 10:30:28,702 - inventory_updater - WARNING - SKU not found in Holded: 2891596
2025-07-23 10:30:28,702 - inventory_updater - WARNING - SKU not found in Holded: 2891612
2025-07-23 10:30:28,702 - inventory_updater - WARNING - SKU not found in Holded: 2891620
2025-07-23 10:30:28,702 - inventory_updater - WARNING - SKU not found in Holded: 2891638
2025-07-23 10:30:28,702 - inventory_updater - WARNING - SKU not found in Holded: 2891729
2025-07-23 10:30:28,703 - inventory_updater - WARNING - SKU not found in Holded: 2891760
2025-07-23 10:30:28,703 - inventory_updater - WARNING - SKU not found in Holded: 2892297
2025-07-23 10:30:28,703 - inventory_updater - WARNING - SKU not found in Holded: 2892339
2025-07-23 10:30:28,703 - inventory_updater - WARNING - SKU not found in Holded: 2892370
2025-07-23 10:30:28,703 - inventory_updater - WARNING - SKU not found in Holded: 2897221
2025-07-23 10:30:28,704 - inventory_updater - WARNING - SKU not found in Holded: 2897239
2025-07-23 10:30:28,704 - inventory_updater - WARNING - SKU not found in Holded: 2892610
2025-07-23 10:30:28,704 - inventory_updater - WARNING - SKU not found in Holded: 2892628
2025-07-23 10:30:28,704 - inventory_updater - WARNING - SKU not found in Holded: 2892636
2025-07-23 10:30:28,705 - inventory_updater - WARNING - SKU not found in Holded: 2892651
2025-07-23 10:30:28,705 - inventory_updater - WARNING - SKU not found in Holded: 2892669
2025-07-23 10:30:28,705 - inventory_updater - WARNING - SKU not found in Holded: 2892677
2025-07-23 10:30:28,705 - inventory_updater - WARNING - SKU not found in Holded: 2895803
2025-07-23 10:30:28,706 - inventory_updater - WARNING - SKU not found in Holded: 2823029
2025-07-23 10:30:28,706 - inventory_updater - WARNING - SKU not found in Holded: 2823037
2025-07-23 10:30:28,706 - inventory_updater - WARNING - SKU not found in Holded: 2823045
2025-07-23 10:30:28,706 - inventory_updater - WARNING - SKU not found in Holded: 2823052
2025-07-23 10:30:28,706 - inventory_updater - WARNING - SKU not found in Holded: 2823086
2025-07-23 10:30:28,707 - inventory_updater - WARNING - SKU not found in Holded: 2823094
2025-07-23 10:30:28,707 - inventory_updater - WARNING - SKU not found in Holded: 2823102
2025-07-23 10:30:28,707 - inventory_updater - WARNING - SKU not found in Holded: 2823144
2025-07-23 10:30:28,707 - inventory_updater - WARNING - SKU not found in Holded: 2823177
2025-07-23 10:30:28,708 - inventory_updater - WARNING - SKU not found in Holded: 2823201
2025-07-23 10:30:28,708 - inventory_updater - WARNING - SKU not found in Holded: 2823300
2025-07-23 10:30:28,708 - inventory_updater - WARNING - SKU not found in Holded: 2823342
2025-07-23 10:30:28,708 - inventory_updater - WARNING - SKU not found in Holded: 2819498
2025-07-23 10:30:28,709 - inventory_updater - WARNING - SKU not found in Holded: 2819548
2025-07-23 10:30:28,709 - inventory_updater - WARNING - SKU not found in Holded: 2819597
2025-07-23 10:30:28,709 - inventory_updater - WARNING - SKU not found in Holded: 2819605
2025-07-23 10:30:28,709 - inventory_updater - WARNING - SKU not found in Holded: 2819662
2025-07-23 10:30:28,709 - inventory_updater - WARNING - SKU not found in Holded: 2823466
2025-07-23 10:30:28,710 - inventory_updater - WARNING - SKU not found in Holded: 2823474
2025-07-23 10:30:28,710 - inventory_updater - WARNING - SKU not found in Holded: 2823482
2025-07-23 10:30:28,710 - inventory_updater - WARNING - SKU not found in Holded: 2823490
2025-07-23 10:30:28,710 - inventory_updater - WARNING - SKU not found in Holded: 2823508
2025-07-23 10:30:28,711 - inventory_updater - WARNING - SKU not found in Holded: 2819761
2025-07-23 10:30:28,711 - inventory_updater - WARNING - SKU not found in Holded: 2819779
2025-07-23 10:30:28,711 - inventory_updater - WARNING - SKU not found in Holded: 2819787
2025-07-23 10:30:28,711 - inventory_updater - WARNING - SKU not found in Holded: 2819795
2025-07-23 10:30:28,712 - inventory_updater - WARNING - SKU not found in Holded: 2819803
2025-07-23 10:30:28,712 - inventory_updater - WARNING - SKU not found in Holded: 2819829
2025-07-23 10:30:28,712 - inventory_updater - WARNING - SKU not found in Holded: 2819837
2025-07-23 10:30:28,712 - inventory_updater - WARNING - SKU not found in Holded: 2819852
2025-07-23 10:30:28,712 - inventory_updater - WARNING - SKU not found in Holded: 2823698
2025-07-23 10:30:28,713 - inventory_updater - WARNING - SKU not found in Holded: 2823706
2025-07-23 10:30:28,713 - inventory_updater - WARNING - SKU not found in Holded: 2823755
2025-07-23 10:30:28,713 - inventory_updater - WARNING - SKU not found in Holded: 2823771
2025-07-23 10:30:28,713 - inventory_updater - WARNING - SKU not found in Holded: 2823789
2025-07-23 10:30:28,714 - inventory_updater - WARNING - SKU not found in Holded: 2823797
2025-07-23 10:30:28,714 - inventory_updater - WARNING - SKU not found in Holded: 2823805
2025-07-23 10:30:28,714 - inventory_updater - WARNING - SKU not found in Holded: 2823847
2025-07-23 10:30:28,714 - inventory_updater - WARNING - SKU not found in Holded: 2823870
2025-07-23 10:30:28,714 - inventory_updater - WARNING - SKU not found in Holded: 2823888
2025-07-23 10:30:28,715 - inventory_updater - WARNING - SKU not found in Holded: 2825669
2025-07-23 10:30:28,715 - inventory_updater - WARNING - SKU not found in Holded: 2825677
2025-07-23 10:30:28,715 - inventory_updater - WARNING - SKU not found in Holded: 2825685
2025-07-23 10:30:28,715 - inventory_updater - WARNING - SKU not found in Holded: 2825719
2025-07-23 10:30:28,715 - inventory_updater - WARNING - SKU not found in Holded: 2825727
2025-07-23 10:30:28,715 - inventory_updater - WARNING - SKU not found in Holded: 2825735
2025-07-23 10:30:28,716 - inventory_updater - WARNING - SKU not found in Holded: 2825750
2025-07-23 10:30:28,716 - inventory_updater - WARNING - SKU not found in Holded: 2825768
2025-07-23 10:30:28,716 - inventory_updater - WARNING - SKU not found in Holded: 2825776
2025-07-23 10:30:28,716 - inventory_updater - WARNING - SKU not found in Holded: 2825784
2025-07-23 10:30:28,716 - inventory_updater - WARNING - SKU not found in Holded: 2825818
2025-07-23 10:30:28,716 - inventory_updater - WARNING - SKU not found in Holded: 2825826
2025-07-23 10:30:28,716 - inventory_updater - WARNING - SKU not found in Holded: 2825834
2025-07-23 10:30:28,717 - inventory_updater - WARNING - SKU not found in Holded: 2825925
2025-07-23 10:30:28,717 - inventory_updater - WARNING - SKU not found in Holded: 2825933
2025-07-23 10:30:28,717 - inventory_updater - WARNING - SKU not found in Holded: 2825982
2025-07-23 10:30:28,718 - inventory_updater - WARNING - SKU not found in Holded: 2826014
2025-07-23 10:30:28,718 - inventory_updater - WARNING - SKU not found in Holded: 2826022
2025-07-23 10:30:28,718 - inventory_updater - WARNING - SKU not found in Holded: 2826030
2025-07-23 10:30:28,719 - inventory_updater - WARNING - SKU not found in Holded: 2819910
2025-07-23 10:30:28,719 - inventory_updater - WARNING - SKU not found in Holded: 2819969
2025-07-23 10:30:28,719 - inventory_updater - WARNING - SKU not found in Holded: 2819977
2025-07-23 10:30:28,719 - inventory_updater - WARNING - SKU not found in Holded: 2819985
2025-07-23 10:30:28,719 - inventory_updater - WARNING - SKU not found in Holded: 2819993
2025-07-23 10:30:28,720 - inventory_updater - WARNING - SKU not found in Holded: 2826055
2025-07-23 10:30:28,720 - inventory_updater - WARNING - SKU not found in Holded: 2826063
2025-07-23 10:30:28,720 - inventory_updater - WARNING - SKU not found in Holded: 2826097
2025-07-23 10:30:28,720 - inventory_updater - WARNING - SKU not found in Holded: 2826105
2025-07-23 10:30:28,720 - inventory_updater - WARNING - SKU not found in Holded: 2826147
2025-07-23 10:30:28,720 - inventory_updater - WARNING - SKU not found in Holded: 2826170
2025-07-23 10:30:28,721 - inventory_updater - WARNING - SKU not found in Holded: 2826386
2025-07-23 10:30:28,721 - inventory_updater - WARNING - SKU not found in Holded: 2826451
2025-07-23 10:30:28,721 - inventory_updater - WARNING - SKU not found in Holded: 2826469
2025-07-23 10:30:28,721 - inventory_updater - WARNING - SKU not found in Holded: 2826477
2025-07-23 10:30:28,721 - inventory_updater - WARNING - SKU not found in Holded: 2826485
2025-07-23 10:30:28,722 - inventory_updater - WARNING - SKU not found in Holded: 2823904
2025-07-23 10:30:28,722 - inventory_updater - WARNING - SKU not found in Holded: 2823946
2025-07-23 10:30:28,722 - inventory_updater - WARNING - SKU not found in Holded: 2823953
2025-07-23 10:30:28,722 - inventory_updater - WARNING - SKU not found in Holded: 2823995
2025-07-23 10:30:28,722 - inventory_updater - WARNING - SKU not found in Holded: 2824043
2025-07-23 10:30:28,722 - inventory_updater - WARNING - SKU not found in Holded: 2824050
2025-07-23 10:30:28,723 - inventory_updater - WARNING - SKU not found in Holded: 2824068
2025-07-23 10:30:28,723 - inventory_updater - WARNING - SKU not found in Holded: 2824076
2025-07-23 10:30:28,723 - inventory_updater - WARNING - SKU not found in Holded: 2824100
2025-07-23 10:30:28,723 - inventory_updater - WARNING - SKU not found in Holded: 2824142
2025-07-23 10:30:28,723 - inventory_updater - WARNING - SKU not found in Holded: 2824159
2025-07-23 10:30:28,724 - inventory_updater - WARNING - SKU not found in Holded: 2824191
2025-07-23 10:30:28,724 - inventory_updater - WARNING - SKU not found in Holded: 2825008
2025-07-23 10:30:28,724 - inventory_updater - WARNING - SKU not found in Holded: 2828705
2025-07-23 10:30:28,724 - inventory_updater - WARNING - SKU not found in Holded: 2828762
2025-07-23 10:30:28,724 - inventory_updater - WARNING - SKU not found in Holded: 2828770
2025-07-23 10:30:28,724 - inventory_updater - WARNING - SKU not found in Holded: 2828788
2025-07-23 10:30:28,725 - inventory_updater - WARNING - SKU not found in Holded: 2828804
2025-07-23 10:30:28,725 - inventory_updater - WARNING - SKU not found in Holded: 2828861
2025-07-23 10:30:28,725 - inventory_updater - WARNING - SKU not found in Holded: 2828879
2025-07-23 10:30:28,725 - inventory_updater - WARNING - SKU not found in Holded: 2828887
2025-07-23 10:30:28,725 - inventory_updater - WARNING - SKU not found in Holded: 2828895
2025-07-23 10:30:28,726 - inventory_updater - WARNING - SKU not found in Holded: 2828994
2025-07-23 10:30:28,726 - inventory_updater - WARNING - SKU not found in Holded: 2831196
2025-07-23 10:30:28,726 - inventory_updater - WARNING - SKU not found in Holded: 2831204
2025-07-23 10:30:28,726 - inventory_updater - WARNING - SKU not found in Holded: 2831253
2025-07-23 10:30:28,726 - inventory_updater - WARNING - SKU not found in Holded: 2831287
2025-07-23 10:30:28,727 - inventory_updater - WARNING - SKU not found in Holded: 2831295
2025-07-23 10:30:28,727 - inventory_updater - WARNING - SKU not found in Holded: 2831303
2025-07-23 10:30:28,727 - inventory_updater - WARNING - SKU not found in Holded: 2831352
2025-07-23 10:30:28,727 - inventory_updater - WARNING - SKU not found in Holded: 2829091
2025-07-23 10:30:28,727 - inventory_updater - WARNING - SKU not found in Holded: 2829190
2025-07-23 10:30:28,727 - inventory_updater - WARNING - SKU not found in Holded: 2829208
2025-07-23 10:30:28,728 - inventory_updater - WARNING - SKU not found in Holded: 2829265
2025-07-23 10:30:28,728 - inventory_updater - WARNING - SKU not found in Holded: 2829273
2025-07-23 10:30:28,728 - inventory_updater - WARNING - SKU not found in Holded: 2829356
2025-07-23 10:30:28,728 - inventory_updater - WARNING - SKU not found in Holded: 2829364
2025-07-23 10:30:28,728 - inventory_updater - WARNING - SKU not found in Holded: 2829372
2025-07-23 10:30:28,729 - inventory_updater - WARNING - SKU not found in Holded: 2829380
2025-07-23 10:30:28,729 - inventory_updater - WARNING - SKU not found in Holded: 2829406
2025-07-23 10:30:28,729 - inventory_updater - WARNING - SKU not found in Holded: 2829414
2025-07-23 10:30:28,729 - inventory_updater - WARNING - SKU not found in Holded: 2829422
2025-07-23 10:30:28,729 - inventory_updater - WARNING - SKU not found in Holded: 2829430
2025-07-23 10:30:28,729 - inventory_updater - WARNING - SKU not found in Holded: 2829570
2025-07-23 10:30:28,730 - inventory_updater - WARNING - SKU not found in Holded: 2829588
2025-07-23 10:30:28,730 - inventory_updater - WARNING - SKU not found in Holded: 2829596
2025-07-23 10:30:28,730 - inventory_updater - WARNING - SKU not found in Holded: 2829604
2025-07-23 10:30:28,730 - inventory_updater - WARNING - SKU not found in Holded: 2829612
2025-07-23 10:30:28,730 - inventory_updater - WARNING - SKU not found in Holded: 2829620
2025-07-23 10:30:28,731 - inventory_updater - WARNING - SKU not found in Holded: 2829638
2025-07-23 10:30:28,731 - inventory_updater - WARNING - SKU not found in Holded: 2829646
2025-07-23 10:30:28,731 - inventory_updater - WARNING - SKU not found in Holded: 2829653
2025-07-23 10:30:28,731 - inventory_updater - WARNING - SKU not found in Holded: 2829786
2025-07-23 10:30:28,731 - inventory_updater - WARNING - SKU not found in Holded: 2829836
2025-07-23 10:30:28,732 - inventory_updater - WARNING - SKU not found in Holded: 2829844
2025-07-23 10:30:28,732 - inventory_updater - WARNING - SKU not found in Holded: 2829851
2025-07-23 10:30:28,732 - inventory_updater - WARNING - SKU not found in Holded: 2829869
2025-07-23 10:30:28,732 - inventory_updater - WARNING - SKU not found in Holded: 2829885
2025-07-23 10:30:28,732 - inventory_updater - WARNING - SKU not found in Holded: 2829893
2025-07-23 10:30:28,732 - inventory_updater - WARNING - SKU not found in Holded: 2830008
2025-07-23 10:30:28,733 - inventory_updater - WARNING - SKU not found in Holded: 2830016
2025-07-23 10:30:28,733 - inventory_updater - WARNING - SKU not found in Holded: 2830024
2025-07-23 10:30:28,733 - inventory_updater - WARNING - SKU not found in Holded: 2830032
2025-07-23 10:30:28,733 - inventory_updater - WARNING - SKU not found in Holded: 2830057
2025-07-23 10:30:28,733 - inventory_updater - WARNING - SKU not found in Holded: 2830065
2025-07-23 10:30:28,734 - inventory_updater - WARNING - SKU not found in Holded: 2830073
2025-07-23 10:30:28,734 - inventory_updater - WARNING - SKU not found in Holded: 2830446
2025-07-23 10:30:28,734 - inventory_updater - WARNING - SKU not found in Holded: 2830495
2025-07-23 10:30:28,734 - inventory_updater - WARNING - SKU not found in Holded: 2831691
2025-07-23 10:30:28,734 - inventory_updater - WARNING - SKU not found in Holded: 2831709
2025-07-23 10:30:28,734 - inventory_updater - WARNING - SKU not found in Holded: 2831766
2025-07-23 10:30:28,735 - inventory_updater - WARNING - SKU not found in Holded: 2831774
2025-07-23 10:30:28,735 - inventory_updater - WARNING - SKU not found in Holded: 2897478
2025-07-23 10:30:28,735 - inventory_updater - WARNING - SKU not found in Holded: 2897486
2025-07-23 10:30:28,735 - inventory_updater - WARNING - SKU not found in Holded: 2897510
2025-07-23 10:30:28,735 - inventory_updater - WARNING - SKU not found in Holded: 2897536
2025-07-23 10:30:28,736 - inventory_updater - WARNING - SKU not found in Holded: 2897551
2025-07-23 10:30:28,736 - inventory_updater - WARNING - SKU not found in Holded: 2890218
2025-07-23 10:30:28,736 - inventory_updater - WARNING - SKU not found in Holded: 2890259
2025-07-23 10:30:28,736 - inventory_updater - WARNING - SKU not found in Holded: 2890267
2025-07-23 10:30:28,736 - inventory_updater - WARNING - SKU not found in Holded: 2890275
2025-07-23 10:30:28,737 - inventory_updater - WARNING - SKU not found in Holded: 2821981
2025-07-23 10:30:28,737 - inventory_updater - WARNING - SKU not found in Holded: 2821999
2025-07-23 10:30:28,737 - inventory_updater - WARNING - SKU not found in Holded: 2822054
2025-07-23 10:30:28,737 - inventory_updater - WARNING - SKU not found in Holded: 2822062
2025-07-23 10:30:28,737 - inventory_updater - WARNING - SKU not found in Holded: 2822070
2025-07-23 10:30:28,737 - inventory_updater - WARNING - SKU not found in Holded: 2822088
2025-07-23 10:30:28,738 - inventory_updater - WARNING - SKU not found in Holded: 2822237
2025-07-23 10:30:28,738 - inventory_updater - WARNING - SKU not found in Holded: 2822245
2025-07-23 10:30:28,738 - inventory_updater - WARNING - SKU not found in Holded: 2822500
2025-07-23 10:30:28,738 - inventory_updater - WARNING - SKU not found in Holded: 2822518
2025-07-23 10:30:28,738 - inventory_updater - WARNING - SKU not found in Holded: 2822526
2025-07-23 10:30:28,739 - inventory_updater - WARNING - SKU not found in Holded: 2822534
2025-07-23 10:30:28,739 - inventory_updater - WARNING - SKU not found in Holded: 2822542
2025-07-23 10:30:28,739 - inventory_updater - WARNING - SKU not found in Holded: 2822575
2025-07-23 10:30:28,739 - inventory_updater - WARNING - SKU not found in Holded: 2822583
2025-07-23 10:30:28,739 - inventory_updater - WARNING - SKU not found in Holded: 2822591
2025-07-23 10:30:28,739 - inventory_updater - WARNING - SKU not found in Holded: 2822609
2025-07-23 10:30:28,740 - inventory_updater - WARNING - SKU not found in Holded: 2822617
2025-07-23 10:30:28,740 - inventory_updater - WARNING - SKU not found in Holded: 2822625
2025-07-23 10:30:28,740 - inventory_updater - WARNING - SKU not found in Holded: 2822633
2025-07-23 10:30:28,740 - inventory_updater - WARNING - SKU not found in Holded: 2822641
2025-07-23 10:30:28,740 - inventory_updater - WARNING - SKU not found in Holded: 2831964
2025-07-23 10:30:28,741 - inventory_updater - WARNING - SKU not found in Holded: 2822716
2025-07-23 10:30:28,741 - inventory_updater - WARNING - SKU not found in Holded: 2822724
2025-07-23 10:30:28,741 - inventory_updater - WARNING - SKU not found in Holded: 2822823
2025-07-23 10:30:28,741 - inventory_updater - WARNING - SKU not found in Holded: 2822831
2025-07-23 10:30:28,741 - inventory_updater - WARNING - SKU not found in Holded: 2822849
2025-07-23 10:30:28,742 - inventory_updater - WARNING - SKU not found in Holded: 2822856
2025-07-23 10:30:28,742 - inventory_updater - WARNING - SKU not found in Holded: 2822864
2025-07-23 10:30:28,742 - inventory_updater - WARNING - SKU not found in Holded: 2822872
2025-07-23 10:30:28,742 - inventory_updater - WARNING - SKU not found in Holded: 2822906
2025-07-23 10:30:28,742 - inventory_updater - WARNING - SKU not found in Holded: 2822914
2025-07-23 10:30:28,742 - inventory_updater - WARNING - SKU not found in Holded: 2822948
2025-07-23 10:30:28,743 - inventory_updater - WARNING - SKU not found in Holded: 2822955
2025-07-23 10:30:28,743 - inventory_updater - WARNING - SKU not found in Holded: 2822963
2025-07-23 10:30:28,743 - inventory_updater - WARNING - SKU not found in Holded: 2822971
2025-07-23 10:30:28,743 - inventory_updater - WARNING - SKU not found in Holded: 2826642
2025-07-23 10:30:28,743 - inventory_updater - WARNING - SKU not found in Holded: 2826659
2025-07-23 10:30:28,744 - inventory_updater - WARNING - SKU not found in Holded: 2826667
2025-07-23 10:30:28,744 - inventory_updater - WARNING - SKU not found in Holded: 2826675
2025-07-23 10:30:28,744 - inventory_updater - WARNING - SKU not found in Holded: 2826495
2025-07-23 10:30:28,744 - inventory_updater - WARNING - SKU not found in Holded: 2826496
2025-07-23 10:30:28,744 - inventory_updater - WARNING - SKU not found in Holded: 2826503
2025-07-23 10:30:28,744 - inventory_updater - WARNING - SKU not found in Holded: 2826504
2025-07-23 10:30:28,745 - inventory_updater - WARNING - SKU not found in Holded: 2826505
2025-07-23 10:30:28,745 - inventory_updater - WARNING - SKU not found in Holded: 2826790
2025-07-23 10:30:28,745 - inventory_updater - WARNING - SKU not found in Holded: 2826881
2025-07-23 10:30:28,745 - inventory_updater - WARNING - SKU not found in Holded: 2826899
2025-07-23 10:30:28,745 - inventory_updater - WARNING - SKU not found in Holded: 2826964
2025-07-23 10:30:28,746 - inventory_updater - WARNING - SKU not found in Holded: 2827095
2025-07-23 10:30:28,746 - inventory_updater - WARNING - SKU not found in Holded: 2827301
2025-07-23 10:30:28,746 - inventory_updater - WARNING - SKU not found in Holded: 2827483
2025-07-23 10:30:28,746 - inventory_updater - WARNING - SKU not found in Holded: 2827640
2025-07-23 10:30:28,746 - inventory_updater - WARNING - SKU not found in Holded: 2827657
2025-07-23 10:30:28,747 - inventory_updater - WARNING - SKU not found in Holded: 2827756
2025-07-23 10:30:28,747 - inventory_updater - WARNING - SKU not found in Holded: 2827764
2025-07-23 10:30:28,747 - inventory_updater - WARNING - SKU not found in Holded: 2827772
2025-07-23 10:30:28,747 - inventory_updater - WARNING - SKU not found in Holded: 2827780
2025-07-23 10:30:28,747 - inventory_updater - WARNING - SKU not found in Holded: 2827798
2025-07-23 10:30:28,748 - inventory_updater - WARNING - SKU not found in Holded: 2825180
2025-07-23 10:30:28,748 - inventory_updater - WARNING - SKU not found in Holded: 2825271
2025-07-23 10:30:28,748 - inventory_updater - WARNING - SKU not found in Holded: 2825362
2025-07-23 10:30:28,748 - inventory_updater - WARNING - SKU not found in Holded: 2825404
2025-07-23 10:30:28,748 - inventory_updater - WARNING - SKU not found in Holded: 2830079
2025-07-23 10:30:28,748 - inventory_updater - WARNING - SKU not found in Holded: 2830080
2025-07-23 10:30:28,749 - inventory_updater - WARNING - SKU not found in Holded: 2830082
2025-07-23 10:30:28,749 - inventory_updater - WARNING - SKU not found in Holded: 2830083
2025-07-23 10:30:28,749 - inventory_updater - WARNING - SKU not found in Holded: 2830075
2025-07-23 10:30:28,749 - inventory_updater - WARNING - SKU not found in Holded: 2830076
2025-07-23 10:30:28,749 - inventory_updater - WARNING - SKU not found in Holded: 2830077
2025-07-23 10:30:28,750 - inventory_updater - WARNING - SKU not found in Holded: 2830078
2025-07-23 10:30:28,750 - inventory_updater - WARNING - SKU not found in Holded: 2830070
2025-07-23 10:30:28,750 - inventory_updater - WARNING - SKU not found in Holded: 2830071
2025-07-23 10:30:28,750 - inventory_updater - WARNING - SKU not found in Holded: 2830072
2025-07-23 10:30:28,750 - inventory_updater - WARNING - SKU not found in Holded: 2830074
2025-07-23 10:30:28,750 - inventory_updater - WARNING - SKU not found in Holded: 2830066
2025-07-23 10:30:28,751 - inventory_updater - WARNING - SKU not found in Holded: 2830067
2025-07-23 10:30:28,751 - inventory_updater - WARNING - SKU not found in Holded: 2830068
2025-07-23 10:30:28,751 - inventory_updater - WARNING - SKU not found in Holded: 2890283
2025-07-23 10:30:28,751 - inventory_updater - WARNING - SKU not found in Holded: 2890309
2025-07-23 10:30:28,751 - inventory_updater - WARNING - SKU not found in Holded: 2891257
2025-07-23 10:30:28,752 - inventory_updater - WARNING - SKU not found in Holded: 2891265
2025-07-23 10:30:28,752 - inventory_updater - WARNING - SKU not found in Holded: 2891273
2025-07-23 10:30:28,752 - inventory_updater - WARNING - SKU not found in Holded: 2891299
2025-07-23 10:30:28,752 - inventory_updater - WARNING - SKU not found in Holded: 2891307
2025-07-23 10:30:28,752 - inventory_updater - WARNING - SKU not found in Holded: 2891315
2025-07-23 10:30:28,753 - inventory_updater - WARNING - SKU not found in Holded: 2810472
2025-07-23 10:30:28,753 - inventory_updater - WARNING - SKU not found in Holded: 2810482
2025-07-23 10:30:28,753 - inventory_updater - WARNING - SKU not found in Holded: 2810483
2025-07-23 10:30:28,753 - inventory_updater - WARNING - SKU not found in Holded: 2810484
2025-07-23 10:30:28,753 - inventory_updater - WARNING - SKU not found in Holded: 2810487
2025-07-23 10:30:28,753 - inventory_updater - WARNING - SKU not found in Holded: 2810488
2025-07-23 10:30:28,754 - inventory_updater - WARNING - SKU not found in Holded: 2810491
2025-07-23 10:30:28,754 - inventory_updater - WARNING - SKU not found in Holded: 2810492
2025-07-23 10:30:28,754 - inventory_updater - WARNING - SKU not found in Holded: 2810493
2025-07-23 10:30:28,754 - inventory_updater - WARNING - SKU not found in Holded: 2810494
2025-07-23 10:30:28,754 - inventory_updater - WARNING - SKU not found in Holded: 2810495
2025-07-23 10:30:28,755 - inventory_updater - WARNING - SKU not found in Holded: 2810498
2025-07-23 10:30:28,755 - inventory_updater - WARNING - SKU not found in Holded: 2810503
2025-07-23 10:30:28,755 - inventory_updater - WARNING - SKU not found in Holded: 2810098
2025-07-23 10:30:28,755 - inventory_updater - WARNING - SKU not found in Holded: 2810099
2025-07-23 10:30:28,755 - inventory_updater - WARNING - SKU not found in Holded: 2810367
2025-07-23 10:30:28,756 - inventory_updater - WARNING - SKU not found in Holded: 2810371
2025-07-23 10:30:28,756 - inventory_updater - WARNING - SKU not found in Holded: 2810373
2025-07-23 10:30:28,756 - inventory_updater - WARNING - SKU not found in Holded: 2810151
2025-07-23 10:30:28,756 - inventory_updater - WARNING - SKU not found in Holded: 2810152
2025-07-23 10:30:28,756 - inventory_updater - WARNING - SKU not found in Holded: 2810153
2025-07-23 10:30:28,756 - inventory_updater - WARNING - SKU not found in Holded: 2810154
2025-07-23 10:30:28,757 - inventory_updater - WARNING - SKU not found in Holded: 2810155
2025-07-23 10:30:28,757 - inventory_updater - WARNING - SKU not found in Holded: 2810416
2025-07-23 10:30:28,757 - inventory_updater - WARNING - SKU not found in Holded: 2810417
2025-07-23 10:30:28,757 - inventory_updater - WARNING - SKU not found in Holded: 2810419
2025-07-23 10:30:28,757 - inventory_updater - WARNING - SKU not found in Holded: 2810420
2025-07-23 10:30:28,758 - inventory_updater - WARNING - SKU not found in Holded: 2810436
2025-07-23 10:30:28,758 - inventory_updater - WARNING - SKU not found in Holded: 2810262
2025-07-23 10:30:28,758 - inventory_updater - WARNING - SKU not found in Holded: 2810263
2025-07-23 10:30:28,758 - inventory_updater - WARNING - SKU not found in Holded: 2810264
2025-07-23 10:30:28,758 - inventory_updater - WARNING - SKU not found in Holded: 2810261
2025-07-23 10:30:28,759 - inventory_updater - WARNING - SKU not found in Holded: 2810437
2025-07-23 10:30:28,759 - inventory_updater - WARNING - SKU not found in Holded: 2810438
2025-07-23 10:30:28,759 - inventory_updater - WARNING - SKU not found in Holded: 2810439
2025-07-23 10:30:28,759 - inventory_updater - WARNING - SKU not found in Holded: 2810266
2025-07-23 10:30:28,759 - inventory_updater - WARNING - SKU not found in Holded: 2810269
2025-07-23 10:30:28,759 - inventory_updater - WARNING - SKU not found in Holded: 2810440
2025-07-23 10:30:28,760 - inventory_updater - WARNING - SKU not found in Holded: 2810443
2025-07-23 10:30:28,760 - inventory_updater - WARNING - SKU not found in Holded: 2810444
2025-07-23 10:30:28,760 - inventory_updater - WARNING - SKU not found in Holded: 2810446
2025-07-23 10:30:28,760 - inventory_updater - WARNING - SKU not found in Holded: 2810447
2025-07-23 10:30:28,760 - inventory_updater - WARNING - SKU not found in Holded: 2810279
2025-07-23 10:30:28,761 - inventory_updater - WARNING - SKU not found in Holded: 2810280
2025-07-23 10:30:28,761 - inventory_updater - WARNING - SKU not found in Holded: 2810282
2025-07-23 10:30:28,761 - inventory_updater - WARNING - SKU not found in Holded: 2810283
2025-07-23 10:30:28,761 - inventory_updater - WARNING - SKU not found in Holded: 2810284
2025-07-23 10:30:28,761 - inventory_updater - WARNING - SKU not found in Holded: 2810285
2025-07-23 10:30:28,761 - inventory_updater - WARNING - SKU not found in Holded: 2810286
2025-07-23 10:30:28,762 - inventory_updater - WARNING - SKU not found in Holded: 2810287
2025-07-23 10:30:28,762 - inventory_updater - WARNING - SKU not found in Holded: 2810449
2025-07-23 10:30:28,762 - inventory_updater - WARNING - SKU not found in Holded: 2810451
2025-07-23 10:30:28,762 - inventory_updater - WARNING - SKU not found in Holded: 2810452
2025-07-23 10:30:28,762 - inventory_updater - WARNING - SKU not found in Holded: 2810463
2025-07-23 10:30:28,763 - inventory_updater - WARNING - SKU not found in Holded: 2810467
2025-07-23 10:30:28,763 - inventory_updater - WARNING - SKU not found in Holded: 2810468
2025-07-23 10:30:28,763 - inventory_updater - WARNING - SKU not found in Holded: 2810469
2025-07-23 10:30:28,763 - inventory_updater - WARNING - SKU not found in Holded: 2810453
2025-07-23 10:30:28,763 - inventory_updater - WARNING - SKU not found in Holded: 2810459
2025-07-23 10:30:28,763 - inventory_updater - WARNING - SKU not found in Holded: 2810509
2025-07-23 10:30:28,764 - inventory_updater - WARNING - SKU not found in Holded: 2810510
2025-07-23 10:30:28,764 - inventory_updater - WARNING - SKU not found in Holded: 2810511
2025-07-23 10:30:28,764 - inventory_updater - WARNING - SKU not found in Holded: 2810515
2025-07-23 10:30:28,764 - inventory_updater - WARNING - SKU not found in Holded: 2810516
2025-07-23 10:30:28,764 - inventory_updater - WARNING - SKU not found in Holded: 2810517
2025-07-23 10:30:28,765 - inventory_updater - WARNING - SKU not found in Holded: 2810518
2025-07-23 10:30:28,765 - inventory_updater - WARNING - SKU not found in Holded: 2810519
2025-07-23 10:30:28,765 - inventory_updater - WARNING - SKU not found in Holded: 2810520
2025-07-23 10:30:28,765 - inventory_updater - WARNING - SKU not found in Holded: 2810522
2025-07-23 10:30:28,765 - inventory_updater - WARNING - SKU not found in Holded: 2810523
2025-07-23 10:30:28,765 - inventory_updater - WARNING - SKU not found in Holded: 2810524
2025-07-23 10:30:28,766 - inventory_updater - WARNING - SKU not found in Holded: 2810526
2025-07-23 10:30:28,766 - inventory_updater - WARNING - SKU not found in Holded: 2810527
2025-07-23 10:30:28,766 - inventory_updater - WARNING - SKU not found in Holded: 2810528
2025-07-23 10:30:28,766 - inventory_updater - WARNING - SKU not found in Holded: 2810529
2025-07-23 10:30:28,766 - inventory_updater - WARNING - SKU not found in Holded: 2810531
2025-07-23 10:30:28,767 - inventory_updater - WARNING - SKU not found in Holded: 2810532
2025-07-23 10:30:28,767 - inventory_updater - WARNING - SKU not found in Holded: 2810533
2025-07-23 10:30:28,767 - inventory_updater - WARNING - SKU not found in Holded: 2810534
2025-07-23 10:30:28,767 - inventory_updater - WARNING - SKU not found in Holded: 2810535
2025-07-23 10:30:28,767 - inventory_updater - WARNING - SKU not found in Holded: 2810536
2025-07-23 10:30:28,767 - inventory_updater - WARNING - SKU not found in Holded: 2810537
2025-07-23 10:30:28,768 - inventory_updater - WARNING - SKU not found in Holded: 2810538
2025-07-23 10:30:28,768 - inventory_updater - WARNING - SKU not found in Holded: 2810540
2025-07-23 10:30:28,768 - inventory_updater - WARNING - SKU not found in Holded: 2810546
2025-07-23 10:30:28,768 - inventory_updater - WARNING - SKU not found in Holded: 2810548
2025-07-23 10:30:28,768 - inventory_updater - WARNING - SKU not found in Holded: 2810549
2025-07-23 10:30:28,769 - inventory_updater - WARNING - SKU not found in Holded: 2810550
2025-07-23 10:30:28,769 - inventory_updater - WARNING - SKU not found in Holded: 2810552
2025-07-23 10:30:28,769 - inventory_updater - WARNING - SKU not found in Holded: 2810553
2025-07-23 10:30:28,769 - inventory_updater - WARNING - SKU not found in Holded: 2810554
2025-07-23 10:30:28,769 - inventory_updater - WARNING - SKU not found in Holded: 2810555
2025-07-23 10:30:28,770 - inventory_updater - WARNING - SKU not found in Holded: 2810556
2025-07-23 10:30:28,770 - inventory_updater - WARNING - SKU not found in Holded: 2810557
2025-07-23 10:30:28,770 - inventory_updater - WARNING - SKU not found in Holded: 2810558
2025-07-23 10:30:28,770 - inventory_updater - WARNING - SKU not found in Holded: 2810559
2025-07-23 10:30:28,770 - inventory_updater - WARNING - SKU not found in Holded: 2810591
2025-07-23 10:30:28,770 - inventory_updater - WARNING - SKU not found in Holded: 2810592
2025-07-23 10:30:28,771 - inventory_updater - WARNING - SKU not found in Holded: 2810593
2025-07-23 10:30:28,771 - inventory_updater - WARNING - SKU not found in Holded: 2810594
2025-07-23 10:30:28,771 - inventory_updater - WARNING - SKU not found in Holded: 2810596
2025-07-23 10:30:28,771 - inventory_updater - WARNING - SKU not found in Holded: 2810598
2025-07-23 10:30:28,771 - inventory_updater - WARNING - SKU not found in Holded: 2810599
2025-07-23 10:30:28,773 - email_notifier - INFO - Conectando al servidor SMTP: [SMTP_SERVER_REDACTED]
2025-07-23 10:30:30,094 - email_notifier - INFO - Email enviado exitosamente
2025-07-23 10:30:30,190 - email_notifier - INFO - Email de confirmaci贸n de actualizaci贸n enviado exitosamente
2025-07-23 10:30:30,191 - __main__ - INFO - Cleaned up temporary file: /tmp/[FILENAME_REDACTED]
2025-07-23 18:37:33,652 - __main__ - INFO - RUNNING DROPBOX-ONLY MODE
2025-07-23 18:37:33,938 - dropbox_handler - INFO - Successfully refreshed Dropbox access token
2025-07-23 18:37:33,943 - dropbox - INFO - Request to users/get_current_account
2025-07-23 18:37:34,754 - dropbox - INFO - Request to users/get_current_account
2025-07-23 18:37:35,496 - dropbox_handler - INFO - Connected to Dropbox account: [EMAIL_REDACTED]
2025-07-23 18:37:35,497 - dropbox - INFO - Request to users/get_current_account
2025-07-23 18:37:36,287 - dropbox_handler - INFO - Checking Dropbox folder: [FOLDER_PATH_REDACTED]
2025-07-23 18:37:36,288 - dropbox - INFO - Request to files/list_folder
2025-07-23 18:37:36,902 - dropbox_handler - INFO - Found [COUNT_REDACTED] stock files, most recent: stock_test_file_v2_(3).xlsx
2025-07-23 18:37:36,902 - dropbox_handler - INFO - Processing most recent stock file: stock_test_file_v2_(3).xlsx
2025-07-23 18:37:36,904 - dropbox_handler - INFO - Downloading file: stock_test_file_v2_(3).xlsx
2025-07-23 18:37:36,904 - dropbox - INFO - Request to files/download
2025-07-23 18:37:37,651 - dropbox_handler - INFO - Downloaded file to: [TEMP_FILE_PATH_REDACTED]
2025-07-23 18:37:37,653 - dropbox_handler - INFO - Downloaded [COUNT_REDACTED] stock file(s)
2025-07-23 18:37:37,658 - __main__ - INFO - Found 1 files from Dropbox
2025-07-23 18:37:37,658 - inventory_updater - INFO - Retrieving products from Holded...
2025-07-23 18:37:37,793 - holded_api - INFO - Holded API connection successful
2025-07-23 18:37:37,794 - holded_api - INFO - Fetching products page 1
2025-07-23 18:37:38,460 - holded_api - INFO - Fetching products page 2
2025-07-23 18:37:38,536 - holded_api - INFO - Retrieved [COUNT_REDACTED] products from Holded
2025-07-23 18:37:38,543 - inventory_updater - INFO - Created SKU lookup with [COUNT_REDACTED] total SKUs:
2025-07-23 18:37:38,543 - inventory_updater - INFO -   - Main product SKUs: [COUNT_REDACTED]
2025-07-23 18:37:38,543 - inventory_updater - INFO -   - Variant SKUs: [COUNT_REDACTED]
2025-07-23 18:37:38,543 - inventory_updater - INFO -   - Skipped products without valid SKU: [COUNT_REDACTED]
2025-07-23 18:37:38,543 - inventory_updater - INFO - Sample Holded SKUs: [SAMPLE_SKUS_REDACTED]
2025-07-23 18:37:38,544 - inventory_updater - INFO -   - [SKU_REDACTED]: MAIN product "[PRODUCT_NAME_REDACTED]"
2025-07-23 18:37:38,544 - inventory_updater - INFO -   - [SKU_REDACTED]: MAIN product "[PRODUCT_NAME_REDACTED]"
2025-07-23 18:37:38,544 - inventory_updater - INFO -   - [SKU_REDACTED]: MAIN product "[PRODUCT_NAME_REDACTED]"
2025-07-23 18:37:38,544 - inventory_updater - INFO - Loaded [COUNT_REDACTED] products from Holded
2025-07-23 18:37:38,544 - inventory_updater - INFO - Processing file: [FILE_PATH_REDACTED]
2025-07-23 18:37:38,732 - file_processor - INFO - Successfully read Excel file
2025-07-23 18:37:38,733 - file_processor - INFO - Column mappings - [COLUMN_MAPPING_REDACTED]: item, Price: evp, Offer: None, Stock: stock qty
2025-07-23 18:37:38,734 - file_processor - INFO - [PRODUCT_COUNT_REDACTED] products from file
2025-07-23 18:37:38,734 - file_processor - INFO - [PRODUCT_COUNT_REDACTED] products from file: dropbox_stock_test_file_v2_(3).xlsx
2025-07-23 18:37:38,734 - file_processor - INFO - [PRODUCT_COUNT_REDACTED] products out of 4
2025-07-23 18:37:38,734 - inventory_updater - INFO - [PRODUCT_COUNT_REDACTED] products in file
2025-07-23 18:37:38,735 - inventory_updater - INFO - Found [COUNT_REDACTED] Conway items not in stocklist to set to 0 stock
2025-07-23 18:37:38,735 - inventory_updater - INFO - Updating stock for MAIN PRODUCT [VARIANT_ID_REDACTED]: [STOCK_FROM_REDACTED] -> [STOCK_TO_REDACTED]
2025-07-23 18:37:38,735 - holded_api - INFO - Updating MAIN PRODUCT stock [VARIANT_ID_REDACTED]: [STOCK_FROM_REDACTED] -> [STOCK_TO_REDACTED] (difference: [STOCK_DIFF_REDACTED])
2025-07-23 18:37:38,844 - holded_api - INFO - Successfully updated stock for product [VARIANT_ID_REDACTED]
2025-07-23 18:37:38,844 - inventory_updater - INFO - Set Conway item [SKU_REDACTED] stock to 0 (was [STOCK_COUNT_REDACTED])
2025-07-23 18:37:38,847 - email_notifier - INFO - Conectando al servidor SMTP: [SMTP_SERVER_REDACTED]
2025-07-23 18:37:39,512 - email_notifier - INFO - Email enviado exitosamente
2025-07-23 18:37:39,552 - email_notifier - INFO - Email de confirmaci贸n de actualizaci贸n enviado exitosamente
2025-07-23 19:06:44,698 - __main__ - INFO - ============================================================
2025-07-23 19:06:44,699 - __main__ - INFO - STARTING INVENTORY UPDATE AUTOMATION
2025-07-23 19:06:44,699 - __main__ - INFO - ============================================================
2025-07-23 19:06:44,699 - __main__ - INFO - Step 1: Checking for Dropbox file updates...
2025-07-23 19:06:45,013 - dropbox_handler - INFO - Successfully refreshed Dropbox access token
2025-07-23 19:06:45,017 - dropbox - INFO - Request to users/get_current_account
2025-07-23 19:06:45,733 - dropbox - INFO - Request to users/get_current_account
2025-07-23 19:06:46,496 - dropbox_handler - INFO - Connected to Dropbox account: [EMAIL_REDACTED]
2025-07-23 19:06:46,496 - dropbox - INFO - Request to users/get_current_account
2025-07-23 19:06:47,285 - dropbox_handler - INFO - Checking Dropbox folder: [FOLDER_PATH_REDACTED]
2025-07-23 19:06:47,285 - dropbox - INFO - Request to files/list_folder
2025-07-23 19:06:48,237 - dropbox_handler - INFO - Found [COUNT_REDACTED] stock files, most recent: [FILENAME_REDACTED]
2025-07-23 19:06:48,237 - dropbox_handler - INFO - Processing most recent stock file: [FILENAME_REDACTED]
2025-07-23 19:06:48,239 - dropbox_handler - INFO - Downloading file: [FILENAME_REDACTED]
2025-07-23 19:06:48,239 - dropbox - INFO - Request to files/download
2025-07-23 19:06:48,949 - dropbox_handler - INFO - Downloaded file to: [TEMP_FILE_PATH_REDACTED]
2025-07-23 19:06:48,950 - dropbox_handler - INFO - Downloaded [COUNT_REDACTED] stock file(s)
2025-07-23 19:06:48,954 - __main__ - INFO - Found 1 files from Dropbox
2025-07-23 19:06:48,954 - __main__ - INFO - Total files to process: 1
2025-07-23 19:06:48,954 - __main__ - INFO -   - [TEMP_FILE_PATH_REDACTED]
2025-07-23 19:06:48,955 - __main__ - INFO - Step 2: Processing inventory updates with robust Conway category logic...
2025-07-23 19:06:48,955 - inventory_updater - INFO - Retrieving Conway category variant SKUs from Holded...
2025-07-23 19:06:48,955 - holded_api - INFO - Fetching Conway category products page 1
2025-07-23 19:06:49,595 - holded_api - INFO - Fetching Conway category products page 2
2025-07-23 19:06:49,666 - holded_api - INFO - Retrieved 1 Conway category products
2025-07-23 19:06:49,667 - holded_api - INFO - Found 5 Conway variant SKUs
2025-07-23 19:06:49,667 - inventory_updater - INFO - Found 5 Conway variant SKUs in Holded
2025-07-23 19:06:49,667 - inventory_updater - INFO - Processing stock file: [TEMP_FILE_PATH_REDACTED]
2025-07-23 19:06:49,759 - file_processor - INFO - Successfully read Excel file
2025-07-23 19:06:49,759 - file_processor - INFO - Column mappings - [COLUMN_MAPPING_REDACTED]: item, Price: evp, Offer: None, Stock: stock qty
2025-07-23 19:06:49,760 - file_processor - INFO - [PRODUCT_COUNT_REDACTED] products from file
2025-07-23 19:06:49,760 - file_processor - INFO - [PRODUCT_COUNT_REDACTED] products from file: [FILENAME_REDACTED]
2025-07-23 19:06:49,760 - file_processor - INFO - [PRODUCT_COUNT_REDACTED] products out of 3
2025-07-23 19:06:49,761 - inventory_updater - INFO - Extracted 3 SKUs from file
2025-07-23 19:06:49,761 - inventory_updater - INFO - [PRODUCT_COUNT_REDACTED] products in stock files
2025-07-23 19:06:49,761 - inventory_updater - INFO - Scenario 1: Conway SKUs not in stock list - setting to 0
2025-07-23 19:06:49,761 - holded_api - INFO - Updating MAIN PRODUCT stock [VARIANT_ID_REDACTED]: [STOCK_FROM_REDACTED] -> [STOCK_TO_REDACTED] (difference: [STOCK_DIFF_REDACTED])
2025-07-23 19:06:49,841 - holded_api - ERROR - Failed to update stock: 400 - {"status":0,"info":"Some variants don't exist"}
2025-07-23 19:06:49,841 - holded_api - ERROR - Request payload: {'stock': {'[VARIANT_ID_REDACTED]': {'[VARIANT_ID_REDACTED]': -20}}}
2025-07-23 19:06:49,841 - holded_api - INFO - Updating VARIANT stock [VARIANT_ID_REDACTED]: [STOCK_FROM_REDACTED] -> [STOCK_TO_REDACTED] (difference: [STOCK_DIFF_REDACTED])
2025-07-23 19:06:50,121 - holded_api - INFO - Successfully updated stock for variant [VARIANT_ID_REDACTED]
2025-07-23 19:06:50,122 - inventory_updater - INFO - Reset stock to 0 for Conway SKU: 2879385 (was 5)
2025-07-23 19:06:50,122 - inventory_updater - INFO - Scenario 2: SKUs in both Conway and stock list - checking for updates
2025-07-23 19:06:50,122 - holded_api - INFO - Updating VARIANT stock [VARIANT_ID_REDACTED]: [STOCK_FROM_REDACTED] -> [STOCK_TO_REDACTED] (difference: [STOCK_DIFF_REDACTED])
2025-07-23 19:06:50,432 - holded_api - INFO - Successfully updated stock for variant [VARIANT_ID_REDACTED]
2025-07-23 19:06:50,433 - inventory_updater - INFO - Updated stock for SKU 2879351: [STOCK_FROM_REDACTED] -> [STOCK_TO_REDACTED]
2025-07-23 19:06:50,434 - holded_api - INFO - Updating VARIANT stock [VARIANT_ID_REDACTED]: [STOCK_FROM_REDACTED] -> [STOCK_TO_REDACTED] (difference: [STOCK_DIFF_REDACTED])
2025-07-23 19:06:50,718 - holded_api - INFO - Successfully updated stock for variant [VARIANT_ID_REDACTED]
2025-07-23 19:06:50,719 - inventory_updater - INFO - Updated stock for SKU 2879369: [STOCK_FROM_REDACTED] -> [STOCK_TO_REDACTED]
2025-07-23 19:06:50,719 - holded_api - INFO - Updating VARIANT stock [VARIANT_ID_REDACTED]: [STOCK_FROM_REDACTED] -> [STOCK_TO_REDACTED] (difference: [STOCK_DIFF_REDACTED])
2025-07-23 19:06:50,994 - holded_api - INFO - Successfully updated stock for variant [VARIANT_ID_REDACTED]
2025-07-23 19:06:50,995 - inventory_updater - INFO - Updated stock for SKU 2879377: [STOCK_FROM_REDACTED] -> [STOCK_TO_REDACTED]
2025-07-23 19:06:50,995 - inventory_updater - INFO - Scenario 3: SKUs in stock list but not in Conway - skipping
2025-07-23 19:06:50,995 - inventory_updater - INFO - SCENARIO SUMMARY:
2025-07-23 19:06:50,995 - inventory_updater - INFO -   Conway SKUs reset to 0: 1
2025-07-23 19:06:50,996 - inventory_updater - INFO -   Stock updates applied: 3
2025-07-23 19:06:50,996 - inventory_updater - INFO -   Non-Conway SKUs skipped: 0
2025-07-23 19:06:50,996 - inventory_updater - INFO -   Errors encountered: 1
2025-07-23 19:06:50,998 - __main__ - INFO - UPDATE SUMMARY:
2025-07-23 19:06:50,998 - __main__ - INFO -   Files processed: 1
2025-07-23 19:06:50,998 - __main__ - INFO -   Products processed: 3
2025-07-23 19:06:50,999 - __main__ - INFO -   Stock updates: 3
2025-07-23 19:06:50,999 - __main__ - INFO -   Stock resets (Conway SKUs not in files): 1
2025-07-23 19:06:50,999 - __main__ - INFO -   SKUs skipped (not Conway): 0
2025-07-23 19:06:50,999 - __main__ - INFO -   Errors: 1
2025-07-23 19:06:50,999 - __main__ - INFO - Step 3: Sending notification email...
2025-07-23 19:06:51,000 - email_notifier - INFO - Conectando al servidor SMTP: [SMTP_SERVER_REDACTED]
2025-07-23 19:06:51,622 - email_notifier - INFO - Email enviado exitosamente
2025-07-23 19:06:51,662 - email_notifier - INFO - Email de confirmaci贸n de actualizaci贸n enviado exitosamente
2025-07-23 19:06:51,663 - __main__ - INFO - Notification email sent successfully
2025-07-23 19:06:51,663 - __main__ - INFO - Step 4: Cleaning up temporary files...
2025-07-23 19:06:51,663 - __main__ - INFO - ============================================================
2025-07-23 19:06:51,664 - __main__ - INFO - INVENTORY UPDATE AUTOMATION COMPLETED
2025-07-23 19:06:51,664 - __main__ - INFO - ============================================================
2025-07-23 19:13:13,091 - __main__ - INFO - ============================================================
2025-07-23 19:13:13,091 - __main__ - INFO - STARTING INVENTORY UPDATE AUTOMATION
2025-07-23 19:13:13,092 - __main__ - INFO - ============================================================
2025-07-23 19:13:13,092 - __main__ - INFO - Step 1: Checking for Dropbox file updates...
2025-07-23 19:13:13,378 - dropbox_handler - INFO - Successfully refreshed Dropbox access token
2025-07-23 19:13:13,380 - dropbox - INFO - Request to users/get_current_account
2025-07-23 19:13:14,112 - dropbox - INFO - Request to users/get_current_account
2025-07-23 19:13:14,862 - dropbox_handler - INFO - Connected to Dropbox account: [EMAIL_REDACTED]
2025-07-23 19:13:14,863 - dropbox - INFO - Request to users/get_current_account
2025-07-23 19:13:16,006 - dropbox_handler - INFO - Checking Dropbox folder: [FOLDER_PATH_REDACTED]
2025-07-23 19:13:16,007 - dropbox - INFO - Request to files/list_folder
2025-07-23 19:13:16,937 - dropbox_handler - INFO - Found [COUNT_REDACTED] stock files, most recent: stock_test_file_v2_(1).xlsx
2025-07-23 19:13:16,938 - dropbox_handler - INFO - Processing most recent stock file: stock_test_file_v2_(1).xlsx
2025-07-23 19:13:16,940 - dropbox_handler - INFO - Downloading file: stock_test_file_v2_(1).xlsx
2025-07-23 19:13:16,941 - dropbox - INFO - Request to files/download
2025-07-23 19:13:17,775 - dropbox_handler - INFO - Downloaded file to: [TEMP_FILE_PATH_REDACTED]
2025-07-23 19:13:17,777 - dropbox_handler - INFO - Downloaded [COUNT_REDACTED] stock file(s)
2025-07-23 19:13:17,780 - __main__ - INFO - Found 1 files from Dropbox
2025-07-23 19:13:17,781 - __main__ - INFO - Total files to process: 1
2025-07-23 19:13:17,781 - __main__ - INFO -   - [TEMP_FILE_PATH_REDACTED]
2025-07-23 19:13:17,781 - __main__ - INFO - Step 2: Processing inventory updates with robust Conway category logic...
2025-07-23 19:13:17,781 - inventory_updater - INFO - Retrieving Conway category variant SKUs from Holded...
2025-07-23 19:13:17,782 - holded_api - INFO - Fetching Conway category products page 1
2025-07-23 19:13:18,675 - holded_api - INFO - Fetching Conway category products page 2
2025-07-23 19:13:18,764 - holded_api - INFO - Retrieved 1 Conway category products
2025-07-23 19:13:18,765 - holded_api - INFO - Found 4 Conway variant SKUs
2025-07-23 19:13:18,765 - inventory_updater - INFO - Found 4 Conway variant SKUs in Holded
2025-07-23 19:13:18,765 - inventory_updater - INFO - Processing stock file: [TEMP_FILE_PATH_REDACTED]
2025-07-23 19:13:18,855 - file_processor - INFO - Successfully read Excel file
2025-07-23 19:13:18,855 - file_processor - INFO - Column mappings - [COLUMN_MAPPING_REDACTED]: item, Price: evp, Offer: None, Stock: stock qty
2025-07-23 19:13:18,857 - file_processor - INFO - [PRODUCT_COUNT_REDACTED] products from file
2025-07-23 19:13:18,857 - file_processor - INFO - [PRODUCT_COUNT_REDACTED] products from file: dropbox_stock_test_file_v2_(1).xlsx
2025-07-23 19:13:18,857 - file_processor - INFO - [PRODUCT_COUNT_REDACTED] products out of 4
2025-07-23 19:13:18,857 - inventory_updater - INFO - Extracted 4 SKUs from file
2025-07-23 19:13:18,857 - inventory_updater - INFO - [PRODUCT_COUNT_REDACTED] products in stock files
2025-07-23 19:13:18,857 - inventory_updater - INFO - Scenario 1: Conway SKUs not in stock list - setting to 0
2025-07-23 19:13:18,857 - inventory_updater - INFO - Scenario 2: SKUs in both Conway and stock list - checking for updates
2025-07-23 19:13:18,857 - holded_api - INFO - Updating VARIANT stock [VARIANT_ID_REDACTED]: [STOCK_FROM_REDACTED] -> [STOCK_TO_REDACTED] (difference: [STOCK_DIFF_REDACTED])
2025-07-23 19:13:19,137 - holded_api - INFO - Successfully updated stock for variant [VARIANT_ID_REDACTED]
2025-07-23 19:13:19,137 - inventory_updater - INFO - Updated stock for SKU 2879351: [STOCK_FROM_REDACTED] -> [STOCK_TO_REDACTED]
2025-07-23 19:13:19,138 - holded_api - INFO - Updating VARIANT stock [VARIANT_ID_REDACTED]: [STOCK_FROM_REDACTED] -> [STOCK_TO_REDACTED] (difference: [STOCK_DIFF_REDACTED])
2025-07-23 19:13:19,430 - holded_api - INFO - Successfully updated stock for variant [VARIANT_ID_REDACTED]
2025-07-23 19:13:19,431 - inventory_updater - INFO - Updated stock for SKU 2879369: [STOCK_FROM_REDACTED] -> [STOCK_TO_REDACTED]
2025-07-23 19:13:19,432 - holded_api - INFO - Updating VARIANT stock [VARIANT_ID_REDACTED]: [STOCK_FROM_REDACTED] -> [STOCK_TO_REDACTED] (difference: [STOCK_DIFF_REDACTED])
2025-07-23 19:13:19,686 - holded_api - INFO - Successfully updated stock for variant [VARIANT_ID_REDACTED]
2025-07-23 19:13:19,687 - inventory_updater - INFO - Updated stock for SKU 2879377: [STOCK_FROM_REDACTED] -> [STOCK_TO_REDACTED]
2025-07-23 19:13:19,687 - holded_api - INFO - Updating VARIANT stock [VARIANT_ID_REDACTED]: [STOCK_FROM_REDACTED] -> [STOCK_TO_REDACTED] (difference: [STOCK_DIFF_REDACTED])
2025-07-23 19:13:19,943 - holded_api - INFO - Successfully updated stock for variant [VARIANT_ID_REDACTED]
2025-07-23 19:13:19,944 - inventory_updater - INFO - Updated stock for SKU 2879385: [STOCK_FROM_REDACTED] -> [STOCK_TO_REDACTED]
2025-07-23 19:13:19,944 - inventory_updater - INFO - Scenario 3: SKUs in stock list but not in Conway - skipping
2025-07-23 19:13:19,944 - inventory_updater - INFO - SCENARIO SUMMARY:
2025-07-23 19:13:19,944 - inventory_updater - INFO -   Conway SKUs reset to 0: 0
2025-07-23 19:13:19,944 - inventory_updater - INFO -   Stock updates applied: 4
2025-07-23 19:13:19,945 - inventory_updater - INFO -   Non-Conway SKUs skipped: 0
2025-07-23 19:13:19,945 - inventory_updater - INFO -   Errors encountered: 0
2025-07-23 19:13:19,947 - __main__ - INFO - UPDATE SUMMARY:
2025-07-23 19:13:19,947 - __main__ - INFO -   Files processed: 1
2025-07-23 19:13:19,947 - __main__ - INFO -   Products processed: 4
2025-07-23 19:13:19,947 - __main__ - INFO -   Stock updates: 4
2025-07-23 19:13:19,947 - __main__ - INFO -   Stock resets (Conway SKUs not in files): 0
2025-07-23 19:13:19,947 - __main__ - INFO -   SKUs skipped (not Conway): 0
2025-07-23 19:13:19,948 - __main__ - INFO -   Errors: 0
2025-07-23 19:13:19,948 - __main__ - INFO - Step 3: Sending notification email...
2025-07-23 19:13:19,948 - email_notifier - INFO - Conectando al servidor SMTP: [SMTP_SERVER_REDACTED]
2025-07-23 19:13:20,493 - email_notifier - INFO - Email enviado exitosamente
2025-07-23 19:13:20,530 - email_notifier - INFO - Email de confirmaci贸n de actualizaci贸n enviado exitosamente
2025-07-23 19:13:20,530 - __main__ - INFO - Notification email sent successfully
2025-07-23 19:13:20,531 - __main__ - INFO - Step 4: Cleaning up temporary files...
2025-07-23 19:13:20,531 - __main__ - INFO - ============================================================
2025-07-23 19:13:20,531 - __main__ - INFO - INVENTORY UPDATE AUTOMATION COMPLETED
2025-07-23 19:13:20,531 - __main__ - INFO - ============================================================
2025-07-23 19:19:12,577 - __main__ - INFO - ============================================================
2025-07-23 19:19:12,578 - __main__ - INFO - STARTING INVENTORY UPDATE AUTOMATION
2025-07-23 19:19:12,578 - __main__ - INFO - ============================================================
2025-07-23 19:19:12,578 - __main__ - INFO - Step 1: Checking for Dropbox file updates...
2025-07-23 19:19:14,103 - dropbox_handler - INFO - Successfully refreshed Dropbox access token
2025-07-23 19:19:14,105 - dropbox - INFO - Request to users/get_current_account
2025-07-23 19:19:14,836 - dropbox - INFO - Request to users/get_current_account
2025-07-23 19:19:15,534 - dropbox_handler - INFO - Connected to Dropbox account: [EMAIL_REDACTED]
2025-07-23 19:19:15,535 - dropbox - INFO - Request to users/get_current_account
2025-07-23 19:19:16,280 - dropbox_handler - INFO - Checking Dropbox folder: [FOLDER_PATH_REDACTED]
2025-07-23 19:19:16,280 - dropbox - INFO - Request to files/list_folder
2025-07-23 19:19:16,842 - dropbox_handler - INFO - Found [COUNT_REDACTED] stock files, most recent: stock_test_file_v2_(2).xlsx
2025-07-23 19:19:16,842 - dropbox_handler - INFO - Processing most recent stock file: stock_test_file_v2_(2).xlsx
2025-07-23 19:19:16,844 - dropbox_handler - INFO - Downloading file: stock_test_file_v2_(2).xlsx
2025-07-23 19:19:16,845 - dropbox - INFO - Request to files/download
2025-07-23 19:19:17,432 - dropbox_handler - INFO - Downloaded file to: [TEMP_FILE_PATH_REDACTED]
2025-07-23 19:19:17,433 - dropbox_handler - INFO - Downloaded [COUNT_REDACTED] stock file(s)
2025-07-23 19:19:17,436 - __main__ - INFO - Found 1 files from Dropbox
2025-07-23 19:19:17,437 - __main__ - INFO - Total files to process: 1
2025-07-23 19:19:17,437 - __main__ - INFO -   - [TEMP_FILE_PATH_REDACTED]
2025-07-23 19:19:17,437 - __main__ - INFO - Step 2: Processing inventory updates with robust Conway category logic...
2025-07-23 19:19:17,438 - inventory_updater - INFO - Retrieving Conway category variant SKUs from Holded...
2025-07-23 19:19:17,438 - holded_api - INFO - Fetching Conway category products page 1
2025-07-23 19:19:18,105 - holded_api - INFO - Fetching Conway category products page 2
2025-07-23 19:19:18,184 - holded_api - INFO - Retrieved 1 Conway category products
2025-07-23 19:19:18,184 - holded_api - INFO - Found 4 Conway variant SKUs
2025-07-23 19:19:18,184 - inventory_updater - INFO - Found 4 Conway variant SKUs in Holded
2025-07-23 19:19:18,185 - inventory_updater - INFO - Processing stock file: [TEMP_FILE_PATH_REDACTED]
2025-07-23 19:19:18,275 - file_processor - INFO - Successfully read Excel file
2025-07-23 19:19:18,275 - file_processor - INFO - Column mappings - [COLUMN_MAPPING_REDACTED]: item, Price: evp, Offer: None, Stock: stock qty
2025-07-23 19:19:18,276 - file_processor - INFO - [PRODUCT_COUNT_REDACTED] products from file
2025-07-23 19:19:18,276 - file_processor - INFO - [PRODUCT_COUNT_REDACTED] products from file: dropbox_stock_test_file_v2_(2).xlsx
2025-07-23 19:19:18,276 - file_processor - INFO - [PRODUCT_COUNT_REDACTED] products out of 3
2025-07-23 19:19:18,276 - inventory_updater - INFO - Extracted 3 SKUs from file
2025-07-23 19:19:18,276 - inventory_updater - INFO - [PRODUCT_COUNT_REDACTED] products in stock files
2025-07-23 19:19:18,276 - inventory_updater - INFO - Scenario 1: Conway SKUs not in stock list - setting to 0
2025-07-23 19:19:18,277 - holded_api - INFO - Updating VARIANT stock [VARIANT_ID_REDACTED]: [STOCK_FROM_REDACTED] -> [STOCK_TO_REDACTED] (difference: [STOCK_DIFF_REDACTED])
2025-07-23 19:19:18,559 - holded_api - INFO - Successfully updated stock for variant [VARIANT_ID_REDACTED]
2025-07-23 19:19:18,559 - inventory_updater - INFO - Reset stock to 0 for Conway SKU: 2879385 (was 10)
2025-07-23 19:19:18,560 - inventory_updater - INFO - Scenario 2: SKUs in both Conway and stock list - checking for updates
2025-07-23 19:19:18,560 - holded_api - INFO - Updating VARIANT stock [VARIANT_ID_REDACTED]: [STOCK_FROM_REDACTED] -> [STOCK_TO_REDACTED] (difference: [STOCK_DIFF_REDACTED])
2025-07-23 19:19:18,850 - holded_api - INFO - Successfully updated stock for variant [VARIANT_ID_REDACTED]
2025-07-23 19:19:18,851 - inventory_updater - INFO - Updated stock for SKU 2879351: [STOCK_FROM_REDACTED] -> [STOCK_TO_REDACTED]
2025-07-23 19:19:18,851 - holded_api - INFO - Updating VARIANT stock [VARIANT_ID_REDACTED]: [STOCK_FROM_REDACTED] -> [STOCK_TO_REDACTED] (difference: [STOCK_DIFF_REDACTED])
2025-07-23 19:19:19,173 - holded_api - INFO - Successfully updated stock for variant [VARIANT_ID_REDACTED]
2025-07-23 19:19:19,174 - inventory_updater - INFO - Updated stock for SKU 2879369: [STOCK_FROM_REDACTED] -> [STOCK_TO_REDACTED]
2025-07-23 19:19:19,175 - holded_api - INFO - Updating VARIANT stock [VARIANT_ID_REDACTED]: [STOCK_FROM_REDACTED] -> [STOCK_TO_REDACTED] (difference: [STOCK_DIFF_REDACTED])
2025-07-23 19:19:19,488 - holded_api - INFO - Successfully updated stock for variant [VARIANT_ID_REDACTED]
2025-07-23 19:19:19,489 - inventory_updater - INFO - Updated stock for SKU 2879377: [STOCK_FROM_REDACTED] -> [STOCK_TO_REDACTED]
2025-07-23 19:19:19,490 - inventory_updater - INFO - Scenario 3: SKUs in stock list but not in Conway - skipping
2025-07-23 19:19:19,490 - inventory_updater - INFO - SCENARIO SUMMARY:
2025-07-23 19:19:19,490 - inventory_updater - INFO -   Conway SKUs reset to 0: 1
2025-07-23 19:19:19,490 - inventory_updater - INFO -   Stock updates applied: 3
2025-07-23 19:19:19,490 - inventory_updater - INFO -   Non-Conway SKUs skipped: 0
2025-07-23 19:19:19,491 - inventory_updater - INFO -   Errors encountered: 0
2025-07-23 19:19:19,493 - __main__ - INFO - UPDATE SUMMARY:
2025-07-23 19:19:19,493 - __main__ - INFO -   Files processed: 1
2025-07-23 19:19:19,493 - __main__ - INFO -   Products processed: 3
2025-07-23 19:19:19,493 - __main__ - INFO -   Stock updates: 3
2025-07-23 19:19:19,493 - __main__ - INFO -   Stock resets (Conway SKUs not in files): 1
2025-07-23 19:19:19,493 - __main__ - INFO -   SKUs skipped (not Conway): 0
2025-07-23 19:19:19,494 - __main__ - INFO -   Errors: 0
2025-07-23 19:19:19,494 - __main__ - INFO - Step 3: Sending notification email...
2025-07-23 19:19:19,494 - email_notifier - INFO - Conectando al servidor SMTP: [SMTP_SERVER_REDACTED]
2025-07-23 19:19:20,052 - email_notifier - INFO - Email enviado exitosamente
2025-07-23 19:19:20,090 - email_notifier - INFO - Email de confirmaci贸n de actualizaci贸n enviado exitosamente
2025-07-23 19:19:20,090 - __main__ - INFO - Notification email sent successfully
2025-07-23 19:19:20,090 - __main__ - INFO - Step 4: Cleaning up temporary files...
2025-07-23 19:19:20,090 - __main__ - INFO - ============================================================
2025-07-23 19:19:20,091 - __main__ - INFO - INVENTORY UPDATE AUTOMATION COMPLETED
2025-07-23 19:19:20,091 - __main__ - INFO - ============================================================
2025-07-23 19:24:52,472 - __main__ - INFO - ============================================================
2025-07-23 19:24:52,472 - __main__ - INFO - STARTING INVENTORY UPDATE AUTOMATION
2025-07-23 19:24:52,472 - __main__ - INFO - ============================================================
2025-07-23 19:24:52,472 - __main__ - INFO - Step 1: Checking for Dropbox file updates...
2025-07-23 19:24:52,750 - dropbox_handler - INFO - Successfully refreshed Dropbox access token
2025-07-23 19:24:52,752 - dropbox - INFO - Request to users/get_current_account
2025-07-23 19:24:53,562 - dropbox - INFO - Request to users/get_current_account
2025-07-23 19:24:54,287 - dropbox_handler - INFO - Connected to Dropbox account: [EMAIL_REDACTED]
2025-07-23 19:24:54,287 - dropbox - INFO - Request to users/get_current_account
2025-07-23 19:24:55,008 - dropbox_handler - INFO - Checking Dropbox folder: [FOLDER_PATH_REDACTED]
2025-07-23 19:24:55,009 - dropbox - INFO - Request to files/list_folder
2025-07-23 19:24:55,472 - dropbox_handler - INFO - Found [COUNT_REDACTED] stock files, most recent: stock_test_file_v2_(3).xlsx
2025-07-23 19:24:55,473 - dropbox_handler - INFO - Processing most recent stock file: stock_test_file_v2_(3).xlsx
2025-07-23 19:24:55,474 - dropbox_handler - INFO - Downloading file: stock_test_file_v2_(3).xlsx
2025-07-23 19:24:55,476 - dropbox - INFO - Request to files/download
2025-07-23 19:24:56,189 - dropbox_handler - INFO - Downloaded file to: [TEMP_FILE_PATH_REDACTED]
2025-07-23 19:24:56,191 - dropbox_handler - INFO - Downloaded [COUNT_REDACTED] stock file(s)
2025-07-23 19:24:56,195 - __main__ - INFO - Found 1 files from Dropbox
2025-07-23 19:24:56,195 - __main__ - INFO - Total files to process: 1
2025-07-23 19:24:56,195 - __main__ - INFO -   - [TEMP_FILE_PATH_REDACTED]
2025-07-23 19:24:56,195 - __main__ - INFO - Step 2: Processing inventory updates with robust Conway category logic...
2025-07-23 19:24:56,196 - inventory_updater - INFO - Retrieving Conway category variant SKUs from Holded...
2025-07-23 19:24:56,196 - holded_api - INFO - Fetching Conway category products page 1
2025-07-23 19:24:56,862 - holded_api - INFO - Fetching Conway category products page 2
2025-07-23 19:24:56,942 - holded_api - INFO - Retrieved 1 Conway category products
2025-07-23 19:24:56,942 - holded_api - INFO - Found 4 Conway variant SKUs
2025-07-23 19:24:56,943 - inventory_updater - INFO - Found 4 Conway variant SKUs in Holded
2025-07-23 19:24:56,943 - inventory_updater - INFO - Processing stock file: [TEMP_FILE_PATH_REDACTED]
2025-07-23 19:24:57,032 - file_processor - INFO - Successfully read Excel file
2025-07-23 19:24:57,032 - file_processor - INFO - Column mappings - [COLUMN_MAPPING_REDACTED]: item, Price: evp, Offer: None, Stock: stock qty
2025-07-23 19:24:57,033 - file_processor - INFO - [PRODUCT_COUNT_REDACTED] products from file
2025-07-23 19:24:57,033 - file_processor - INFO - [PRODUCT_COUNT_REDACTED] products from file: dropbox_stock_test_file_v2_(3).xlsx
2025-07-23 19:24:57,033 - file_processor - INFO - [PRODUCT_COUNT_REDACTED] products out of 4
2025-07-23 19:24:57,033 - inventory_updater - INFO - Extracted 4 SKUs from file
2025-07-23 19:24:57,033 - inventory_updater - INFO - [PRODUCT_COUNT_REDACTED] products in stock files
2025-07-23 19:24:57,033 - inventory_updater - INFO - Scenario 1: Conway SKUs not in stock list - setting to 0
2025-07-23 19:24:57,034 - inventory_updater - INFO - Scenario 2: SKUs in both Conway and stock list - checking for updates
2025-07-23 19:24:57,034 - holded_api - INFO - Updating VARIANT stock [VARIANT_ID_REDACTED]: [STOCK_FROM_REDACTED] -> [STOCK_TO_REDACTED] (difference: [STOCK_DIFF_REDACTED])
2025-07-23 19:24:57,333 - holded_api - INFO - Successfully updated stock for variant [VARIANT_ID_REDACTED]
2025-07-23 19:24:57,333 - inventory_updater - INFO - Updated stock for SKU 2879351: [STOCK_FROM_REDACTED] -> [STOCK_TO_REDACTED]
2025-07-23 19:24:57,334 - holded_api - INFO - Updating VARIANT stock [VARIANT_ID_REDACTED]: [STOCK_FROM_REDACTED] -> [STOCK_TO_REDACTED] (difference: [STOCK_DIFF_REDACTED])
2025-07-23 19:24:57,665 - holded_api - INFO - Successfully updated stock for variant [VARIANT_ID_REDACTED]
2025-07-23 19:24:57,666 - inventory_updater - INFO - Updated stock for SKU 2879369: [STOCK_FROM_REDACTED] -> [STOCK_TO_REDACTED]
2025-07-23 19:24:57,666 - holded_api - INFO - Updating VARIANT stock [VARIANT_ID_REDACTED]: [STOCK_FROM_REDACTED] -> [STOCK_TO_REDACTED] (difference: [STOCK_DIFF_REDACTED])
2025-07-23 19:24:57,987 - holded_api - INFO - Successfully updated stock for variant [VARIANT_ID_REDACTED]
2025-07-23 19:24:57,988 - inventory_updater - INFO - Updated stock for SKU 2879377: [STOCK_FROM_REDACTED] -> [STOCK_TO_REDACTED]
2025-07-23 19:24:57,989 - holded_api - INFO - Updating VARIANT stock [VARIANT_ID_REDACTED]: [STOCK_FROM_REDACTED] -> [STOCK_TO_REDACTED] (difference: [STOCK_DIFF_REDACTED])
2025-07-23 19:24:58,278 - holded_api - INFO - Successfully updated stock for variant [VARIANT_ID_REDACTED]
2025-07-23 19:24:58,279 - inventory_updater - INFO - Updated stock for SKU 2879385: [STOCK_FROM_REDACTED] -> [STOCK_TO_REDACTED]
2025-07-23 19:24:58,279 - inventory_updater - INFO - Scenario 3: SKUs in stock list but not in Conway - skipping
2025-07-23 19:24:58,279 - inventory_updater - INFO - SCENARIO SUMMARY:
2025-07-23 19:24:58,280 - inventory_updater - INFO -   Conway SKUs reset to 0: 0
2025-07-23 19:24:58,280 - inventory_updater - INFO -   Stock updates applied: 4
2025-07-23 19:24:58,280 - inventory_updater - INFO -   Non-Conway SKUs skipped: 0
2025-07-23 19:24:58,280 - inventory_updater - INFO -   Errors encountered: 0
2025-07-23 19:24:58,282 - __main__ - INFO - UPDATE SUMMARY:
2025-07-23 19:24:58,282 - __main__ - INFO -   Files processed: 1
2025-07-23 19:24:58,283 - __main__ - INFO -   Products processed: 4
2025-07-23 19:24:58,283 - __main__ - INFO -   Stock updates: 4
2025-07-23 19:24:58,283 - __main__ - INFO -   Stock resets (Conway SKUs not in files): 0
2025-07-23 19:24:58,283 - __main__ - INFO -   SKUs skipped (not Conway): 0
2025-07-23 19:24:58,283 - __main__ - INFO -   Errors: 0
2025-07-23 19:24:58,283 - __main__ - INFO - Step 3: Sending notification email...
2025-07-23 19:24:58,284 - email_notifier - INFO - Conectando al servidor SMTP: [SMTP_SERVER_REDACTED]
2025-07-23 19:24:58,808 - email_notifier - INFO - Email enviado exitosamente
2025-07-23 19:24:58,848 - email_notifier - INFO - Email de confirmaci贸n de actualizaci贸n enviado exitosamente
2025-07-23 19:24:58,848 - __main__ - INFO - Notification email sent successfully
2025-07-23 19:24:58,848 - __main__ - INFO - Step 4: Cleaning up temporary files...
2025-07-23 19:24:58,848 - __main__ - INFO - ============================================================
2025-07-23 19:24:58,848 - __main__ - INFO - INVENTORY UPDATE AUTOMATION COMPLETED
2025-07-23 19:24:58,849 - __main__ - INFO - ============================================================
